{"D:\\WessonLearning\\learning-backtobasic\\Test\\index.js": {"path":"D:\\WessonLearning\\learning-backtobasic\\Test\\index.js","statementMap":{"0":{"start":{"line":4,"column":4},"end":{"line":4,"column":16}},"1":{"start":{"line":9,"column":4},"end":{"line":9,"column":16}},"2":{"start":{"line":14,"column":4},"end":{"line":14,"column":21}},"3":{"start":{"line":18,"column":4},"end":{"line":18,"column":34}},"4":{"start":{"line":21,"column":0},"end":{"line":21,"column":44}}},"fnMap":{"0":{"name":"sum","decl":{"start":{"line":3,"column":9},"end":{"line":3,"column":12}},"loc":{"start":{"line":3,"column":19},"end":{"line":5,"column":1}},"line":3},"1":{"name":"subtract","decl":{"start":{"line":8,"column":9},"end":{"line":8,"column":17}},"loc":{"start":{"line":8,"column":24},"end":{"line":10,"column":1}},"line":8},"2":{"name":"cloneArray","decl":{"start":{"line":13,"column":9},"end":{"line":13,"column":19}},"loc":{"start":{"line":13,"column":27},"end":{"line":15,"column":1}},"line":13},"3":{"name":"anotherFunction","decl":{"start":{"line":17,"column":9},"end":{"line":17,"column":24}},"loc":{"start":{"line":17,"column":27},"end":{"line":19,"column":1}},"line":17}},"branchMap":{},"s":{"0":1,"1":1,"2":2,"3":0,"4":1},"f":{"0":1,"1":1,"2":2,"3":0},"b":{},"_coverageSchema":"1a1c01bbd47fc00a2c39e90264f33305004495a9","hash":"a5c67f69b4f91f14f7e5d3df8e88509bbc20dd26"}
}
